This is pdfTeX, Version 3.14159265-2.6-1.40.16 (TeX Live 2015/Debian) (preloaded format=pdflatex 2019.12.23)  3 APR 2020 09:52
entering extended mode
 restricted \write18 enabled.
 %&-line parsing enabled.
**StokolsThesis.tex
(./StokolsThesis.tex
LaTeX2e <2016/02/01>
Babel <3.9q> and hyphenation patterns for 81 language(s) loaded.
(/usr/share/texlive/texmf-dist/tex/latex/base/report.cls
Document Class: report 2014/09/29 v1.4h Standard LaTeX document class
(/usr/share/texlive/texmf-dist/tex/latex/base/size12.clo
File: size12.clo 2014/09/29 v1.4h Standard LaTeX file (size option)
)
\c@part=\count79
\c@chapter=\count80
\c@section=\count81
\c@subsection=\count82
\c@subsubsection=\count83
\c@paragraph=\count84
\c@subparagraph=\count85
\c@figure=\count86
\c@table=\count87
\abovecaptionskip=\skip41
\belowcaptionskip=\skip42
\bibindent=\dimen102
) (./utdiss2.sty
*
* U.T. Austin Doctoral Dissertation Format by Young. U. Ryu,
* June 1991. With some fixes by Miguel A. Lerma, Fall 1995, 
* Spring 1996, Summer 1996, Spring 1997, Summer 1997, Spring 1998.
*
* Modified to new Graduate School standards Fall 2001
* by Craig McCluskey mccluskey@mail.utexas.edu 
* - this is utdiss2-05.sty
*
\regular@textheight=\skip43
\short@textheight=\skip44
\c@regular@short=\count88
\one@num=\skip45
\two@num=\skip46
\three@num=\skip47
\four@num=\skip48
\five@num=\skip49
\six@num=\skip50
\c@onenum=\skip51
\c@twonum=\skip52
\c@threenum=\skip53
\c@fournum=\skip54
\c@fivenum=\skip55
\toc@chap@indent=\skip56
\chap@or@app=\count89
\with@parts=\count90
\c@no@chapters=\count91
\s@short@textheight=\skip57
\c@regular@short@col=\count92
* *
* *
* This is a dissertation *
* *
* *
\numberofsupervisors=\count93
\supervisornumbercounter=\count94
\numberofmembers=\count95
\membernumbercounter=\count96
) (/usr/share/texlive/texmf-dist/tex/latex/amsmath/amsmath.sty
Package: amsmath 2016/03/03 v2.15a AMS math features
\@mathmargin=\skip58

For additional information on amsmath, use the `?' option.
(/usr/share/texlive/texmf-dist/tex/latex/amsmath/amstext.sty
Package: amstext 2000/06/29 v2.01 AMS text

(/usr/share/texlive/texmf-dist/tex/latex/amsmath/amsgen.sty
File: amsgen.sty 1999/11/30 v2.0 generic functions
\@emptytoks=\toks14
\ex@=\dimen103
))
(/usr/share/texlive/texmf-dist/tex/latex/amsmath/amsbsy.sty
Package: amsbsy 1999/11/29 v1.2d Bold Symbols
\pmbraise@=\dimen104
)
(/usr/share/texlive/texmf-dist/tex/latex/amsmath/amsopn.sty
Package: amsopn 1999/12/14 v2.01 operator names
)
\inf@bad=\count97
LaTeX Info: Redefining \frac on input line 199.
\uproot@=\count98
\leftroot@=\count99
LaTeX Info: Redefining \overline on input line 297.
\classnum@=\count100
\DOTSCASE@=\count101
LaTeX Info: Redefining \ldots on input line 394.
LaTeX Info: Redefining \dots on input line 397.
LaTeX Info: Redefining \cdots on input line 518.
\Mathstrutbox@=\box26
\strutbox@=\box27
\big@size=\dimen105
LaTeX Font Info:    Redeclaring font encoding OML on input line 630.
LaTeX Font Info:    Redeclaring font encoding OMS on input line 631.
\macc@depth=\count102
\c@MaxMatrixCols=\count103
\dotsspace@=\muskip10
\c@parentequation=\count104
\dspbrk@lvl=\count105
\tag@help=\toks15
\row@=\count106
\column@=\count107
\maxfields@=\count108
\andhelp@=\toks16
\eqnshift@=\dimen106
\alignsep@=\dimen107
\tagshift@=\dimen108
\tagwidth@=\dimen109
\totwidth@=\dimen110
\lineht@=\dimen111
\@envbody=\toks17
\multlinegap=\skip59
\multlinetaggap=\skip60
\mathdisplay@stack=\toks18
LaTeX Info: Redefining \[ on input line 2735.
LaTeX Info: Redefining \] on input line 2736.
)
(/usr/share/texlive/texmf-dist/tex/latex/amscls/amsthm.sty
Package: amsthm 2015/03/04 v2.20.2
\thm@style=\toks19
\thm@bodyfont=\toks20
\thm@headfont=\toks21
\thm@notefont=\toks22
\thm@headpunct=\toks23
\thm@preskip=\skip61
\thm@postskip=\skip62
\thm@headsep=\skip63
\dth@everypar=\toks24
)
(/usr/share/texlive/texmf-dist/tex/latex/amsfonts/amsfonts.sty
Package: amsfonts 2013/01/14 v3.01 Basic AMSFonts support
\symAMSa=\mathgroup4
\symAMSb=\mathgroup5
LaTeX Font Info:    Overwriting math alphabet `\mathfrak' in version `bold'
(Font)                  U/euf/m/n --> U/euf/b/n on input line 106.
)
(/usr/share/texlive/texmf-dist/tex/latex/amsmath/amscd.sty
Package: amscd 1999/11/29 v2.0 AMS Commutatitive Diagrams
\athelp@=\toks25
\minaw@=\dimen112
\bigaw@=\dimen113
\minCDarrowwidth=\dimen114
)
(/usr/share/texlive/texmf-dist/tex/latex/amsfonts/eucal.sty
Package: eucal 2009/06/22 v3.00 Euler Script fonts
LaTeX Font Info:    Overwriting math alphabet `\EuScript' in version `bold'
(Font)                  U/eus/m/n --> U/eus/b/n on input line 33.
)
(/usr/share/texlive/texmf-dist/tex/latex/tools/verbatim.sty
Package: verbatim 2014/10/28 v1.5q LaTeX2e package for verbatim enhancements
\every@verbatim=\toks26
\verbatim@line=\toks27
\verbatim@in@stream=\read1
)
(/usr/share/texlive/texmf-dist/tex/latex/base/makeidx.sty
Package: makeidx 2014/09/29 v1.0m Standard LaTeX package
)
(/usr/share/texlive/texmf-dist/tex/latex/enumitem/enumitem.sty
Package: enumitem 2011/09/28 v3.5.2 Customized lists
\enitkv@toks@=\toks28
\labelindent=\skip64
\enit@outerparindent=\dimen115
\enit@toks=\toks29
\enit@inbox=\box28
\enitdp@description=\count109
)
(/usr/share/texlive/texmf-dist/tex/latex/url/url.sty
\Urlmuskip=\muskip11
Package: url 2013/09/16  ver 3.4  Verb mode for urls, etc.
)
(/usr/share/texlive/texmf-dist/tex/latex/draftcopy/draftcopy.sty
Package: draftcopy 2002/02/25 v2.16
\draftcopy@hour=\count110
\draftcopy@minute=\count111

(/usr/share/texlive/texmf-dist/tex/latex/draftcopy/draftcopy.cfg)
Prints DRAFT on pages; does not show in your DVI viewer
) (/usr/share/texlive/texmf-dist/tex/latex/amsfonts/amssymb.sty
Package: amssymb 2013/01/14 v3.01 AMS font symbols
)
(/usr/share/texlive/texmf-dist/tex/latex/graphics/graphicx.sty
Package: graphicx 2014/10/28 v1.0g Enhanced LaTeX Graphics (DPC,SPQR)

(/usr/share/texlive/texmf-dist/tex/latex/graphics/keyval.sty
Package: keyval 2014/10/28 v1.15 key=value parser (DPC)
\KV@toks@=\toks30
)
(/usr/share/texlive/texmf-dist/tex/latex/graphics/graphics.sty
Package: graphics 2016/01/03 v1.0q Standard LaTeX Graphics (DPC,SPQR)

(/usr/share/texlive/texmf-dist/tex/latex/graphics/trig.sty
Package: trig 2016/01/03 v1.10 sin cos tan (DPC)
)
(/usr/share/texlive/texmf-dist/tex/latex/latexconfig/graphics.cfg
File: graphics.cfg 2010/04/23 v1.9 graphics configuration of TeX Live
)
Package graphics Info: Driver file: pdftex.def on input line 95.

(/usr/share/texlive/texmf-dist/tex/latex/pdftex-def/pdftex.def
File: pdftex.def 2011/05/27 v0.06d Graphics/color for pdfTeX

(/usr/share/texlive/texmf-dist/tex/generic/oberdiek/infwarerr.sty
Package: infwarerr 2010/04/08 v1.3 Providing info/warning/error messages (HO)
)
(/usr/share/texlive/texmf-dist/tex/generic/oberdiek/ltxcmds.sty
Package: ltxcmds 2011/11/09 v1.22 LaTeX kernel commands for general use (HO)
)
\Gread@gobject=\count112
))
\Gin@req@height=\dimen116
\Gin@req@width=\dimen117
)
(/usr/share/texlive/texmf-dist/tex/latex/esint/esint.sty
Package: esint 
\symlargesymbolsA=\mathgroup6
)
\c@step_count=\count113
\c@theorem=\count114
\c@definition=\count115
\c@remark=\count116
\c@problem=\count117
\@indexfile=\write3
\openout3 = `StokolsThesis.idx'.


Writing index file StokolsThesis.idx
(./StokolsThesis.aux (./chapter-intro.aux) (./chapter-HamJac.aux)
(./chapter-kinetic.aux) (./chapter-SQG.aux) (./chapter-conservation.aux)
(./appendix.aux))
\openout1 = `StokolsThesis.aux'.

LaTeX Font Info:    Checking defaults for OML/cmm/m/it on input line 321.
LaTeX Font Info:    ... okay on input line 321.
LaTeX Font Info:    Checking defaults for T1/cmr/m/n on input line 321.
LaTeX Font Info:    ... okay on input line 321.
LaTeX Font Info:    Checking defaults for OT1/cmr/m/n on input line 321.
LaTeX Font Info:    ... okay on input line 321.
LaTeX Font Info:    Checking defaults for OMS/cmsy/m/n on input line 321.
LaTeX Font Info:    ... okay on input line 321.
LaTeX Font Info:    Checking defaults for OMX/cmex/m/n on input line 321.
LaTeX Font Info:    ... okay on input line 321.
LaTeX Font Info:    Checking defaults for U/cmr/m/n on input line 321.
LaTeX Font Info:    ... okay on input line 321.
 (/usr/share/texlive/texmf-dist/tex/context/base/supp-pdf.mkii
[Loading MPS to PDF converter (version 2006.09.02).]
\scratchcounter=\count118
\scratchdimen=\dimen118
\scratchbox=\box29
\nofMPsegments=\count119
\nofMParguments=\count120
\everyMPshowfont=\toks31
\MPscratchCnt=\count121
\MPscratchDim=\dimen119
\MPnumerator=\count122
\makeMPintoPDFobject=\count123
\everyMPtoPDFconversion=\toks32
) (/usr/share/texlive/texmf-dist/tex/generic/oberdiek/pdftexcmds.sty
Package: pdftexcmds 2011/11/29 v0.20 Utility functions of pdfTeX for LuaTeX (HO
)

(/usr/share/texlive/texmf-dist/tex/generic/oberdiek/ifluatex.sty
Package: ifluatex 2010/03/01 v1.3 Provides the ifluatex switch (HO)
Package ifluatex Info: LuaTeX not detected.
)
(/usr/share/texlive/texmf-dist/tex/generic/oberdiek/ifpdf.sty
Package: ifpdf 2011/01/30 v2.3 Provides the ifpdf switch (HO)
Package ifpdf Info: pdfTeX in PDF mode is detected.
)
Package pdftexcmds Info: LuaTeX not detected.
Package pdftexcmds Info: \pdf@primitive is available.
Package pdftexcmds Info: \pdf@ifprimitive is available.
Package pdftexcmds Info: \pdfdraftmode found.
)
(/usr/share/texlive/texmf-dist/tex/latex/oberdiek/epstopdf-base.sty
Package: epstopdf-base 2010/02/09 v2.5 Base part for package epstopdf

(/usr/share/texlive/texmf-dist/tex/latex/oberdiek/grfext.sty
Package: grfext 2010/08/19 v1.1 Manage graphics extensions (HO)

(/usr/share/texlive/texmf-dist/tex/generic/oberdiek/kvdefinekeys.sty
Package: kvdefinekeys 2011/04/07 v1.3 Define keys (HO)
))
(/usr/share/texlive/texmf-dist/tex/latex/oberdiek/kvoptions.sty
Package: kvoptions 2011/06/30 v3.11 Key value format for package options (HO)

(/usr/share/texlive/texmf-dist/tex/generic/oberdiek/kvsetkeys.sty
Package: kvsetkeys 2012/04/25 v1.16 Key value parser (HO)

(/usr/share/texlive/texmf-dist/tex/generic/oberdiek/etexcmds.sty
Package: etexcmds 2011/02/16 v1.5 Avoid name clashes with e-TeX commands (HO)
Package etexcmds Info: Could not find \expanded.
(etexcmds)             That can mean that you are not using pdfTeX 1.50 or
(etexcmds)             that some package has redefined \expanded.
(etexcmds)             In the latter case, load this package earlier.
)))
Package grfext Info: Graphics extension search list:
(grfext)             [.png,.pdf,.jpg,.mps,.jpeg,.jbig2,.jb2,.PNG,.PDF,.JPG,.JPE
G,.JBIG2,.JB2,.eps]
(grfext)             \AppendGraphicsExtensions on input line 452.

(/usr/share/texlive/texmf-dist/tex/latex/latexconfig/epstopdf-sys.cfg
File: epstopdf-sys.cfg 2010/07/13 v1.3 Configuration of (r)epstopdf for TeX Liv
e
))
[1


Non-PDF special ignored!{/var/lib/texmf/fonts/map/pdftex/updmap/pdftex.map}]
[2

] [3

] [4


] [5

] (./StokolsThesis.toc
LaTeX Font Info:    Try loading font information for U+msa on input line 6.

(/usr/share/texlive/texmf-dist/tex/latex/amsfonts/umsa.fd
File: umsa.fd 2013/01/14 v3.01 AMS symbols A
)
LaTeX Font Info:    Try loading font information for U+msb on input line 6.

(/usr/share/texlive/texmf-dist/tex/latex/amsfonts/umsb.fd
File: umsb.fd 2013/01/14 v3.01 AMS symbols B
)
LaTeX Font Info:    Try loading font information for U+esint on input line 6.

(/usr/share/texlive/texmf-dist/tex/latex/esint/uesint.fd
File: uesint.fd 
) [6

])
\tf@toc=\write4
\openout4 = `StokolsThesis.toc'.

 [7]
(./StokolsThesis.lot)
\tf@lot=\write5
\openout5 = `StokolsThesis.lot'.

 [8

] (./StokolsThesis.lof)
\tf@lof=\write6
\openout6 = `StokolsThesis.lof'.

 [9

]
\openout2 = `chapter-intro.aux'.

 (./chapter-intro.tex
Chapter 1.

Overfull \hbox (129.86609pt too wide) in paragraph at lines 131--132
\OT1/cmr/m/it/12 Problem \OT1/cmr/m/n/12 1\OT1/cmr/m/it/12 . \OT1/cmr/m/n/12 Le
t $
 \OMS/cmsy/m/n/12 ^^R \U/msb/m/n/12 R[]$\OT1/cmr/m/n/12 , and let $\OML/cmm/m/i
t/12 X \OT1/cmr/m/n/12 = \OMS/cmsy/m/n/12 f[]\OT1/cmr/m/n/12 
 \OMS/cmsy/m/n/12 ! \U/msb/m/n/12 R[]\OMS/cmsy/m/n/12 g$\OT1/cmr/m/n/12 . 
 []

[1


]
Underfull \hbox (badness 10000) in paragraph at lines 151--152

 []

[2]
Underfull \hbox (badness 10000) in paragraph at lines 152--153

 []

[3]) [4]
\openout2 = `chapter-HamJac.aux'.

 (./chapter-HamJac.tex
Chapter 2.
[5



] [6] [7] [8] [9]
Overfull \hbox (75.61217pt too wide) detected at line 184
[] []
 []

[10]
Overfull \hbox (43.65236pt too wide) detected at line 190
[] []
 []

[11]
Overfull \hbox (71.41847pt too wide) detected at line 217
[] [] \OML/cmm/m/it/12 ^^^[]@[]\OT1/cmr/m/n/12 (\OML/cmm/m/it/12 u[]\OT1/cmr/m/
n/12 ) + ^^C[] [] \OML/cmm/m/it/12 ^^^[]u[] [][] \OMS/cmsy/m/n/12 ^^T [] \OML/c
mm/m/it/12 ^^^[]u[]f \OT1/cmr/m/n/12 + ^^C [] \OML/cmm/m/it/12 u[]\OMS/cmsy/m/n
/12 jr\OML/cmm/m/it/12 ^^^\OMS/cmsy/m/n/12 j[] \OT1/cmr/m/n/12 + (\OML/cmm/m/it
/12 b \OT1/cmr/m/n/12 + 1)^^C [] \OML/cmm/m/it/12 ^^^[]u[]\OMS/cmsy/m/n/12 jr\O
ML/cmm/m/it/12 u[]\OMS/cmsy/m/n/12 j[]\OML/cmm/m/it/12 :
 []

[12]
Overfull \hbox (14.00406pt too wide) detected at line 231
[] \OML/cmm/m/it/12 ^^^[]@[]\OT1/cmr/m/n/12 (\OML/cmm/m/it/12 u[]\OT1/cmr/m/n/1
2 ) + [] \OML/cmm/m/it/12 ^^^[]u[] [][] \OMS/cmsy/m/n/12 ^^T \OML/cmm/m/it/12 C
\OT1/cmr/m/n/12 (^^C\OML/cmm/m/it/12 ; b\OT1/cmr/m/n/12 ) [] \OML/cmm/m/it/12 :

 []


Overfull \hbox (8.99753pt too wide) in paragraph at lines 239--239
[] 
 []


Overfull \hbox (12.53925pt too wide) in paragraph at lines 244--244
[] 
 []


Overfull \hbox (12.53925pt too wide) in paragraph at lines 249--249
[] 
 []

[13]
Overfull \hbox (36.67198pt too wide) in paragraph at lines 254--254
[] 
 []

[14]
LaTeX Font Info:    Try loading font information for OMS+cmr on input line 294.

 (/usr/share/texlive/texmf-dist/tex/latex/base/omscmr.fd
File: omscmr.fd 2014/09/29 v2.5h Standard LaTeX font definitions
)
LaTeX Font Info:    Font shape `OMS/cmr/m/n' in size <12> not available
(Font)              Font shape `OMS/cmsy/m/n' tried instead on input line 294.
LaTeX Font Info:    Try loading font information for U+eus on input line 302.

(/usr/share/texlive/texmf-dist/tex/latex/amsfonts/ueus.fd
File: ueus.fd 2013/01/14 v3.01 Euler Script
) [15]
Overfull \hbox (43.4483pt too wide) detected at line 327
[][] \OT1/cmr/m/n/12 = [] [][] \OMS/cmsy/m/n/12 ^^T [] [][] ^^T \U/eus/m/n/12 E
[]\OML/cmm/m/it/12 ;
 []

[16]
Overfull \hbox (10.50702pt too wide) in paragraph at lines 334--334
[] 
 []


Overfull \hbox (37.23657pt too wide) in paragraph at lines 353--353
[] 
 []

[17]
Overfull \hbox (61.34154pt too wide) in paragraph at lines 377--377
[] 
 []

[18]
Overfull \hbox (73.56432pt too wide) in paragraph at lines 422--422
[] 
 []

[19]
Overfull \hbox (55.51627pt too wide) in paragraph at lines 433--433
[] 
 []

[20]
Overfull \hbox (2.91682pt too wide) in paragraph at lines 458--458
[] 
 []


Underfull \hbox (badness 10000) in paragraph at lines 471--473
\OT1/cmr/m/n/12 By the mono-tone con-ver-gence the-o-rem, we con-clude that
 []

[21] [22]
Overfull \hbox (96.15353pt too wide) in paragraph at lines 528--528
[] 
 []

[23]
Overfull \hbox (15.47348pt too wide) in paragraph at lines 538--538
[] 
 []

[24]
Overfull \hbox (109.94801pt too wide) in paragraph at lines 553--553
[] 
 []


Overfull \hbox (8.65707pt too wide) in paragraph at lines 561--561
[] 
 []

[25]
Overfull \hbox (3.98419pt too wide) detected at line 569
\OML/cmm/m/it/12 ^^Q[] \OMS/cmsy/m/n/12 ^^C \OT1/cmr/m/n/12 (\OML/cmm/m/it/12 u
[]\OT1/cmr/m/n/12 )[] \OMS/cmsy/m/n/12 2 \OML/cmm/m/it/12 L[]\OT1/cmr/m/n/12 ([
\OMS/cmsy/m/n/12 ^^@\OT1/cmr/m/n/12 4\OML/cmm/m/it/12 ; \OT1/cmr/m/n/12 0]; \OM
L/cmm/m/it/12 W[]\OT1/cmr/m/n/12 (\OML/cmm/m/it/12 B[]\OT1/cmr/m/n/12 ))\OML/cm
m/m/it/12 ;  @[] [] \OMS/cmsy/m/n/12 2 \OML/cmm/m/it/12 L[]\OT1/cmr/m/n/12 ([\O
MS/cmsy/m/n/12 ^^@\OT1/cmr/m/n/12 4\OML/cmm/m/it/12 ; \OT1/cmr/m/n/12 0]; \OML/
cmm/m/it/12 W[]\OT1/cmr/m/n/12 (\OML/cmm/m/it/12 B[]\OT1/cmr/m/n/12 ))
 []

[26] [27] [28] [29] [30]
Overfull \hbox (23.28853pt too wide) in paragraph at lines 688--688
[] 
 []

[31] [32] [33] [34] [35] [36] [37] [38] [39] [40]
Overfull \hbox (26.02235pt too wide) in paragraph at lines 941--941
[] 
 []

[41]) [42]
\openout2 = `chapter-kinetic.aux'.

 (./chapter-kinetic.tex
Chapter 3.
[43



] [44] [45] [46] [47]
Overfull \hbox (30.56857pt too wide) in paragraph at lines 177--177
[] 
 []


Overfull \hbox (51.63763pt too wide) detected at line 180
\OMS/cmsy/m/n/12 ^^@ [] \OML/cmm/m/it/12 f [] ^^^ dvdxdt \OT1/cmr/m/n/12 = \OMS
/cmsy/m/n/12 ^^@ [] \OML/cmm/m/it/12 B\OT1/cmr/m/n/12 (\OML/cmm/m/it/12 f; ^^^\
OT1/cmr/m/n/12 ) \OML/cmm/m/it/12 dxdt \OT1/cmr/m/n/12 + [] \OML/cmm/m/it/12 a^
^^ dvdxdt \OMS/cmsy/m/n/12 8\OML/cmm/m/it/12 ^^^ \OMS/cmsy/m/n/12 2 \OML/cmm/m/
it/12 L[]\OT1/cmr/m/n/12 (\OML/cmm/m/it/12 Q\OT1/cmr/m/n/12 ; \OML/cmm/m/it/12 
H[]\OT1/cmr/m/n/12 (\U/msb/m/n/12 R[]\OT1/cmr/m/n/12 ))\OML/cmm/m/it/12 :
 []

[48] [49] [50] [51]
Overfull \hbox (66.331pt too wide) in paragraph at lines 253--253
[] 
 []


Overfull \hbox (49.53255pt too wide) in paragraph at lines 262--262
[] 
 []

[52] [53]
Overfull \hbox (17.66084pt too wide) detected at line 295
 []$[][] [] \OML/cmm/m/it/12 :  $ 
 []

[54]
Overfull \hbox (3.54472pt too wide) in paragraph at lines 325--325
[] 
 []


Overfull \hbox (71.28815pt too wide) detected at line 332
 []$[]  [] []\OT1/cmr/m/n/12 (\OML/cmm/m/it/12 ^^^f[]\OT1/cmr/m/n/12 )[] \OML/c
mm/m/it/12 dvdx \OMS/cmsy/m/n/12 ^^@ [] \OML/cmm/m/it/12 f[]v \OMS/cmsy/m/n/12 
^^A r[]\OT1/cmr/m/n/12 (\OML/cmm/m/it/12 ^^^[]\OT1/cmr/m/n/12 ) \OML/cmm/m/it/1
2 dvdx \OT1/cmr/m/n/12 = \OMS/cmsy/m/n/12 ^^@\OT1/cmr/m/n/12 2 [] \OML/cmm/m/it
/12 ^^^[]B\OT1/cmr/m/n/12 (\OML/cmm/m/it/12 f[]; f[] \OT1/cmr/m/n/12 + \OML/cmm
/m/it/12   \OMS/cmsy/m/n/12 ^^@ \OML/cmm/m/it/12 f[]\OT1/cmr/m/n/12 )\OML/cmm/m
/it/12 dx \OT1/cmr/m/n/12 + 2 [] \OML/cmm/m/it/12 ^^^[]af[] dvdx$ 
 []


Overfull \hbox (31.8499pt too wide) detected at line 332
 []$[] \OT1/cmr/m/n/12 = \OMS/cmsy/m/n/12 ^^@\OT1/cmr/m/n/12 2 [] \OML/cmm/m/it
/12 ^^^[]B\OT1/cmr/m/n/12 (\OML/cmm/m/it/12 f[]; f[]\OT1/cmr/m/n/12 )\OML/cmm/m
/it/12 dx \OMS/cmsy/m/n/12 ^^@ \OT1/cmr/m/n/12 2 [] \OML/cmm/m/it/12 ^^^[]f[]\U
/eus/m/n/12 L\OML/cmm/m/it/12   dvdx \OT1/cmr/m/n/12 + 2 [] \OML/cmm/m/it/12 ^^
^[]B\OT1/cmr/m/n/12 (\OML/cmm/m/it/12 f[]; f[]\OT1/cmr/m/n/12 )\OML/cmm/m/it/12
 dx \OT1/cmr/m/n/12 + 2 [] \OML/cmm/m/it/12 ^^^[]af[] dvdx:  $ 
 []

[55]
Overfull \hbox (102.6736pt too wide) detected at line 338
 []$[] \OT1/cmr/m/n/12 =    [][]     [] [] \OML/cmm/m/it/12 f[] dvdxdt \OT1/cmr
/m/n/12 + 2   [][]     [] \OML/cmm/m/it/12 ^^^[][]f[] dvdxdt \OT1/cmr/m/n/12 + 
[][]     [] \OML/cmm/m/it/12 ^^^[]af[] dvdxdt \OT1/cmr/m/n/12 + [](\OML/cmm/m/i
t/12 ^^^f[]\OT1/cmr/m/n/12 (\OML/cmm/m/it/12 ^^\\OT1/cmr/m/n/12 ))[] \OML/cmm/m
/it/12 dvdx:  $ 
 []


Overfull \hbox (39.30211pt too wide) detected at line 344
 []$[] \OMS/cmsy/m/n/12 ^^T [][]     [] [] \OML/cmm/m/it/12 f[] dvdxdt \OT1/cmr
/m/n/12 + 2 [][]     [] \OML/cmm/m/it/12 ^^^[] [] f[] dvdxdt \OT1/cmr/m/n/12 + 
[](\OML/cmm/m/it/12 ^^^f[]\OT1/cmr/m/n/12 (\OML/cmm/m/it/12 ^^\\OT1/cmr/m/n/12 
))[] \OML/cmm/m/it/12 dvdx:  $ 
 []


Overfull \hbox (88.20839pt too wide) detected at line 350
 []$[] \OMS/cmsy/m/n/12 ^^T [][]     [] [] \OML/cmm/m/it/12 f[] dvdxdt \OT1/cmr
/m/n/12 + 2 [][]     [] \OML/cmm/m/it/12 ^^^[] [] f[] dvdxdt \OT1/cmr/m/n/12 + 
[] [][]     [](\OML/cmm/m/it/12 ^^^f[]\OT1/cmr/m/n/12 )[] \OML/cmm/m/it/12 dvdx
dt:  $ 
 []

[56] [57] [58]
Overfull \hbox (39.15453pt too wide) detected at line 415
\U/eus/m/n/12 L\OML/cmm/m/it/12  \OT1/cmr/m/n/12 (\OML/cmm/m/it/12 v\OT1/cmr/m/
n/12 ) = [][] \OML/cmm/m/it/12 K\OT1/cmr/m/n/12 (\OML/cmm/m/it/12 v; v \OT1/cmr
/m/n/12 + \OML/cmm/m/it/12 w\OT1/cmr/m/n/12 )[\OML/cmm/m/it/12  \OT1/cmr/m/n/12
 (\OML/cmm/m/it/12 v \OT1/cmr/m/n/12 + \OML/cmm/m/it/12 w\OT1/cmr/m/n/12 ) \OMS
/cmsy/m/n/12 ^^@ \OML/cmm/m/it/12  \OT1/cmr/m/n/12 (\OML/cmm/m/it/12 v\OT1/cmr/
m/n/12 )] \OML/cmm/m/it/12 dw \OT1/cmr/m/n/12 + [][] \OML/cmm/m/it/12 K\OT1/cmr
/m/n/12 (\OML/cmm/m/it/12 v; v \OT1/cmr/m/n/12 + \OML/cmm/m/it/12 w\OT1/cmr/m/n
/12 )[\OML/cmm/m/it/12  \OT1/cmr/m/n/12 (\OML/cmm/m/it/12 v \OT1/cmr/m/n/12 + \
OML/cmm/m/it/12 w\OT1/cmr/m/n/12 ) \OMS/cmsy/m/n/12 ^^@ \OML/cmm/m/it/12  \OT1/
cmr/m/n/12 (\OML/cmm/m/it/12 v\OT1/cmr/m/n/12 )] \OML/cmm/m/it/12 dw:
 []

[59]
Overfull \hbox (79.65407pt too wide) detected at line 441
[][] \OML/cmm/m/it/12 K\OT1/cmr/m/n/12 (\OML/cmm/m/it/12 v; v \OT1/cmr/m/n/12 +
 \OML/cmm/m/it/12 w\OT1/cmr/m/n/12 )[\OML/cmm/m/it/12  \OT1/cmr/m/n/12 (\OML/cm
m/m/it/12 v \OT1/cmr/m/n/12 + \OML/cmm/m/it/12 w\OT1/cmr/m/n/12 ) \OMS/cmsy/m/n
/12 ^^@ \OML/cmm/m/it/12  \OT1/cmr/m/n/12 (\OML/cmm/m/it/12 v\OT1/cmr/m/n/12 )]
 \OML/cmm/m/it/12 dw \OMS/cmsy/m/n/12 ^^T \OML/cmm/m/it/12 ^^T [][] [] dw \OMS/
cmsy/m/n/12 ^^T \OML/cmm/m/it/12 C [][] []:
 []

[60]
Underfull \hbox (badness 1226) in paragraph at lines 466--467
[]\OT1/cmr/m/n/12 The func-tion $\OML/cmm/m/it/12  []$ \OT1/cmr/m/n/12 in the s
tate-ment of this lemma is de-fined in
 []

[61] [62] [63]
Overfull \hbox (85.18828pt too wide) in paragraph at lines 532--532
[] 
 []

[64]
Overfull \hbox (77.209pt too wide) in paragraph at lines 546--546
[] 
 []

[65]
Overfull \hbox (93.67255pt too wide) in paragraph at lines 588--588
[] 
 []

[66]
Overfull \hbox (69.86543pt too wide) detected at line 607
[][] \OMS/cmsy/m/n/12 ^^T \OML/cmm/m/it/12 C []
 []

[67]
Underfull \hbox (badness 3375) in paragraph at lines 640--641
[]\OT1/cmr/m/n/12 Since each $\OML/cmm/m/it/12 f[]$ \OT1/cmr/m/n/12 is sup-port
ed on $\OMS/cmsy/m/n/12 j\OML/cmm/m/it/12 v\OMS/cmsy/m/n/12 j ^^T \OT1/cmr/m/n/
12 2$, and $[][] \OMS/cmsy/m/n/12 ^^T \OML/cmm/m/it/12 C[]$ \OT1/cmr/m/n/12 by
 []

[68] [69] [70] <NFP-diagram-Q-3.pdf, id=274, 438.59938pt x 580.49704pt>
File: NFP-diagram-Q-3.pdf Graphic file (type pdf)

<use NFP-diagram-Q-3.pdf>
Package pdftex.def Info: NFP-diagram-Q-3.pdf used on input line 705.
(pdftex.def)             Requested size: 99.37125pt x 131.51852pt.
 [71 <./NFP-diagram-Q-3.pdf>] [72] [73] [74]
Overfull \hbox (64.48825pt too wide) in paragraph at lines 802--802
[] 
 []

[75] [76]
Overfull \hbox (16.4549pt too wide) detected at line 847
[][] \OMS/cmsy/m/n/12 ^^T \OML/cmm/m/it/12 C\OT1/cmr/m/n/12 (\OML/cmm/m/it/12 ^
^Q; []\OT1/cmr/m/n/12 ) []
 []

[77]
Underfull \hbox (badness 1194) in paragraph at lines 863--864
[]\OT1/cmr/m/n/12 Our goal is to show that this limit con-verges also strongly 
in
 []

[78] [79]
Overfull \hbox (74.50383pt too wide) detected at line 930
\OMS/cmsy/m/n/12 ^^@ [][] \OML/cmm/m/it/12 B [] \OMS/cmsy/m/n/12 ^^T \OML/cmm/m
/it/12 C\OT1/cmr/m/n/12 (\OML/cmm/m/it/12 n; s; ^^T\OT1/cmr/m/n/12 ) [] \OML/cm
m/m/it/12 :
 []

[80]
Overfull \hbox (54.17775pt too wide) detected at line 953
[][] []  \OML/cmm/m/it/12 dxdt \OMS/cmsy/m/n/12 ^^T \OML/cmm/m/it/12 C\OT1/cmr/
m/n/12 (\OML/cmm/m/it/12 n; s; ^^T\OT1/cmr/m/n/12 )(\OML/cmm/m/it/12 ^^U[] \OT1
/cmr/m/n/12 + \OML/cmm/m/it/12 ^^U[]\OT1/cmr/m/n/12 )\OML/cmm/m/it/12 :
 []

[81] [82] [83] [84]
Overfull \hbox (32.01114pt too wide) detected at line 1049
\U/eus/m/n/12 H[] [] \OMS/cmsy/m/n/12 ^^U [] ^^U []\OML/cmm/m/it/12 :
 []

[85] [86] [87] [88]
Overfull \hbox (42.5017pt too wide) detected at line 1168
\OML/cmm/m/it/12 ^^U \OMS/cmsy/m/n/12 ^^T []\OML/cmm/m/it/12 ;  \OT1/cmr/m/n/12
 3\OML/cmm/m/it/12 ^^U[] < \OT1/cmr/m/n/12 1\OML/cmm/m/it/12 ;  \OT1/cmr/m/n/12
 6\OML/cmm/m/it/12 ^^U[] < \OT1/cmr/m/n/12 1\OML/cmm/m/it/12 ;  ^^U < "[];  [] 
[] ^^U[] \OMS/cmsy/m/n/12 ^^T \OT1/cmr/m/n/12 1
 []

[89] [90] [91]) [92]
\openout2 = `chapter-SQG.aux'.

 (./chapter-SQG.tex
Chapter 4.
[93



] [94] [95] [96] [97] [98] [99] [100] [101] [102] [103]
Overfull \hbox (17.76808pt too wide) detected at line 341
[][] \OT1/cmr/m/n/12 ^^C[]\OML/cmm/m/it/12 f\OT1/cmr/m/n/12 ^^C[]\OML/cmm/m/it/
12 g dx \OT1/cmr/m/n/12 = [][][\OML/cmm/m/it/12 f\OT1/cmr/m/n/12 (\OML/cmm/m/it
/12 x\OT1/cmr/m/n/12 ) \OMS/cmsy/m/n/12 ^^@ \OML/cmm/m/it/12 f\OT1/cmr/m/n/12 (
\OML/cmm/m/it/12 y\OT1/cmr/m/n/12 )][\OML/cmm/m/it/12 g\OT1/cmr/m/n/12 (\OML/cm
m/m/it/12 x\OT1/cmr/m/n/12 ) \OMS/cmsy/m/n/12 ^^@ \OML/cmm/m/it/12 g\OT1/cmr/m/
n/12 (\OML/cmm/m/it/12 y\OT1/cmr/m/n/12 )]\OML/cmm/m/it/12 K[]\OT1/cmr/m/n/12 (
\OML/cmm/m/it/12 x; y\OT1/cmr/m/n/12 ) \OML/cmm/m/it/12 dxdy \OT1/cmr/m/n/12 + 
[][] \OML/cmm/m/it/12 f\OT1/cmr/m/n/12 (\OML/cmm/m/it/12 x\OT1/cmr/m/n/12 )\OML
/cmm/m/it/12 g\OT1/cmr/m/n/12 (\OML/cmm/m/it/12 x\OT1/cmr/m/n/12 )\OML/cmm/m/it
/12 B[]\OT1/cmr/m/n/12 (\OML/cmm/m/it/12 x\OT1/cmr/m/n/12 ) \OML/cmm/m/it/12 dx

 []

[104] [105] [106] [107]
Overfull \hbox (29.00122pt too wide) detected at line 438
[] \OMS/cmsy/m/n/12 ^^T \OT1/cmr/m/n/12 2 [][] [][] \OML/cmm/m/it/12 :
 []

[108] [109] [110] [111]
Underfull \hbox (badness 1152) in paragraph at lines 523--524
[]\OT1/cmr/m/n/12 When $[](\OML/cmm/m/it/12 z\OT1/cmr/m/n/12 ) = 0$, then $[][]
 = [][]$ and $[][] = [][]$.
 []

[112] [113] [114]
Overfull \hbox (7.301pt too wide) detected at line 587
[] [] \OML/cmm/m/it/12 ^^R[] \OT1/cmr/m/n/12 + [] [][] \OMS/cmsy/m/n/12 ^^T \OM
L/cmm/m/it/12 C[] []  \OMS/cmsy/m/n/12 8\OML/cmm/m/it/12 t \OMS/cmsy/m/n/12 2 \
OT1/cmr/m/n/12 [0\OML/cmm/m/it/12 ; T\OT1/cmr/m/n/12 ]
 []


Overfull \hbox (93.87547pt too wide) detected at line 595
[] []
 []

[115]
Underfull \hbox (badness 2012) in paragraph at lines 603--604
[]\OT1/cmr/m/n/12 Since $\OML/cmm/m/it/12 ^^R[] \OMS/cmsy/m/n/12 2 \OML/cmm/m/i
t/12 L[]\OT1/cmr/m/n/12 (0\OML/cmm/m/it/12 ; T\OT1/cmr/m/n/12 ; \OML/cmm/m/it/1
2 L[]\OT1/cmr/m/n/12 (
)) \OMS/cmsy/m/n/12 \ \OML/cmm/m/it/12 L[]\OT1/cmr/m/n/12 (0\OML/cmm/m/it/12 ; 
T\OT1/cmr/m/n/12 ; \OML/cmm/m/it/12 H[]\OT1/cmr/m/n/12 (
))$, we
 []


Overfull \hbox (45.51451pt too wide) in paragraph at lines 611--611
[] 
 []


Overfull \hbox (17.8448pt too wide) in paragraph at lines 617--617
[] 
 []


Overfull \hbox (64.54204pt too wide) in paragraph at lines 624--624
[] 
 []

[116]
Overfull \hbox (104.91446pt too wide) detected at line 627
[] [] [] \OML/cmm/m/it/12 ^^R[] \OT1/cmr/m/n/12 + [] [][] + [] ^^C[]\OML/cmm/m/
it/12 ^^R[]\OT1/cmr/m/n/12 ^^C[]	 \OMS/cmsy/m/n/12 ^^T ^^@ [] \OML/cmm/m/it/12 
^^R[]\OT1/cmr/m/n/12 (\OML/cmm/m/it/12 @[]\OT1/cmr/m/n/12 	 + \OML/cmm/m/it/12 
u \OMS/cmsy/m/n/12 ^^A r\OT1/cmr/m/n/12 	) \OMS/cmsy/m/n/12 ^^@ \OML/cmm/m/it/1
2 " [] :
 []


Overfull \hbox (88.04523pt too wide) detected at line 640
[] \OMS/cmsy/m/n/12 ^^T \OT1/cmr/m/n/12 2 [] \OML/cmm/m/it/12 ^^_[]\OT1/cmr/m/n
/12 (\OML/cmm/m/it/12 x\OT1/cmr/m/n/12 ) [] \OMS/cmsy/m/n/12 ^^A [] \OML/cmm/m/
it/12 K\OT1/cmr/m/n/12 (\OML/cmm/m/it/12 x; y\OT1/cmr/m/n/12 )\OML/cmm/m/it/12 
:
 []

[117]
Underfull \hbox (badness 10000) in paragraph at lines 657--658
\OML/cmm/m/it/12 L[]\OT1/cmr/m/n/12 (0\OML/cmm/m/it/12 ; T\OT1/cmr/m/n/12 ; \OM
L/cmm/m/it/12 H[]\OT1/cmr/m/n/12 (
))$, by in-ter-po-la-tion we can fur-ther con-clude $\OML/cmm/m/it/12 ^^R[]; u 
\OMS/cmsy/m/n/12 2
 []


Overfull \hbox (86.4475pt too wide) detected at line 662
[] [] \OML/cmm/m/it/12 '@[]^^R[] \OT1/cmr/m/n/12 = [] [] \OML/cmm/m/it/12 ^^R[]
u \OMS/cmsy/m/n/12 ^^A r\OML/cmm/m/it/12 ' \OMS/cmsy/m/n/12 ^^@ [] \OML/cmm/m/i
t/12 '^^R[] [] \OMS/cmsy/m/n/12 ^^@ [] \OML/cmm/m/it/12 '^^R[]\OT1/cmr/m/n/12 ^
^C\OML/cmm/m/it/12 ^^R[] \OMS/cmsy/m/n/12 ^^@ [] \OML/cmm/m/it/12 '^^R[]\OT1/cm
r/m/n/12 ^^C	 + \OML/cmm/m/it/12 " [] '^^R[]\OT1/cmr/m/n/12 ^^A(\OML/cmm/m/it/1
2 ^^R[] \OT1/cmr/m/n/12 + 	)\OML/cmm/m/it/12 :
 []

[118]
Overfull \hbox (69.73743pt too wide) detected at line 671
[] []
 []


Overfull \hbox (68.73355pt too wide) detected at line 684
[] []
 []

[119]
Overfull \hbox (98.02417pt too wide) detected at line 692
[] [] \OML/cmm/m/it/12 '@[]^^R[] \OT1/cmr/m/n/12 = [] [] \OML/cmm/m/it/12 ^^R[]
u \OMS/cmsy/m/n/12 ^^A r\OML/cmm/m/it/12 ' \OMS/cmsy/m/n/12 ^^@ [] \OML/cmm/m/i
t/12 '^^R[] [] \OT1/cmr/m/n/12 + \OML/cmm/m/it/12 C [][] [] :
 []


Underfull \hbox (badness 10000) in paragraph at lines 703--704

 []

[120]
Underfull \hbox (badness 1184) in paragraph at lines 706--707
[]\OT1/cmr/m/n/12 Let $\OML/cmm/m/it/12 ^^U \OMS/cmsy/m/n/12 2 \U/msb/m/n/12 R$
 \OT1/cmr/m/n/12 and $\OML/cmm/m/it/12 ^^V \OMS/cmsy/m/n/12 2 \OT1/cmr/m/n/12 (
0\OML/cmm/m/it/12 ; \OT1/cmr/m/n/12 1)$ be given and let $	 \OMS/cmsy/m/n/12 2 
\OML/cmm/m/it/12 C[]\OT1/cmr/m/n/12 ([0\OML/cmm/m/it/12 ; \OMS/cmsy/m/n/12 1\OT
1/cmr/m/n/12 ) \OMS/cmsy/m/n/12 ^^B \U/msb/m/n/12 R[]\OT1/cmr/m/n/12 )$ be
 []


Underfull \hbox (badness 10000) in paragraph at lines 708--709
[]\OT1/cmr/m/n/12 Define $[] := \OMS/cmsy/m/n/12 f\OML/cmm/m/it/12 x \OMS/cmsy/
m/n/12 2 \U/msb/m/n/12 R[] \OT1/cmr/m/n/12 : \OML/cmm/m/it/12 ^^Vx \OMS/cmsy/m/
n/12 2 \OT1/cmr/m/n/12 
\OMS/cmsy/m/n/12 g$\OT1/cmr/m/n/12 , $[] := \OML/cmm/m/it/12 ^^V[]T$\OT1/cmr/m/
n/12 , $[](\OML/cmm/m/it/12 t; x\OT1/cmr/m/n/12 ) := (\OML/cmm/m/it/12 ^^U^^R\O
T1/cmr/m/n/12 (\OML/cmm/m/it/12 ^^Vt; ^^Vx\OT1/cmr/m/n/12 ) \OMS/cmsy/m/n/12 ^^
@
 []


Underfull \hbox (badness 10000) in paragraph at lines 708--709
\OT1/cmr/m/n/12 	(\OML/cmm/m/it/12 t; x\OT1/cmr/m/n/12 ))[]$, and $[](\OML/cmm/
m/it/12 t; x\OT1/cmr/m/n/12 ) := \OML/cmm/m/it/12 u\OT1/cmr/m/n/12 (\OML/cmm/m/
it/12 ^^Vt; ^^Vx\OT1/cmr/m/n/12 )$. Let $\OML/cmm/m/it/12 S \OMS/cmsy/m/n/12 2 
\OT1/cmr/m/n/12 (0\OML/cmm/m/it/12 ; []\OT1/cmr/m/n/12 )$ and let
 []


Underfull \hbox (badness 2635) in paragraph at lines 723--724
[]\OT1/cmr/m/it/12 Moreover, $\OML/cmm/m/it/12 ^^R \OMS/cmsy/m/n/12 2 \OML/cmm/
m/it/12 L[]\OT1/cmr/m/n/12 ([0\OML/cmm/m/it/12 ; \OMS/cmsy/m/n/12 1\OT1/cmr/m/n
/12 ); \OML/cmm/m/it/12 L[]\OT1/cmr/m/n/12 (
)) \OMS/cmsy/m/n/12 \ \OML/cmm/m/it/12 L[]\OT1/cmr/m/n/12 ([0\OML/cmm/m/it/12 ;
 \OMS/cmsy/m/n/12 1\OT1/cmr/m/n/12 ); \U/eus/m/n/12 H[]\OT1/cmr/m/n/12 (
))$\OT1/cmr/m/it/12 , and $\OML/cmm/m/it/12 ^^R\OT1/cmr/m/n/12 (\OML/cmm/m/it/1
2 t; \OMS/cmsy/m/n/12 ^^A\OT1/cmr/m/n/12 ) \OMS/cmsy/m/n/12 !
 []

[121]
Underfull \hbox (badness 10000) in paragraph at lines 734--735
[]\OT1/cmr/m/it/12 In par-tic-u-lar, $\OML/cmm/m/it/12 ^^R \OMS/cmsy/m/n/12 2 \
OML/cmm/m/it/12 C[]\OT1/cmr/m/n/12 ([0\OML/cmm/m/it/12 ; \OMS/cmsy/m/n/12 1\OT1
/cmr/m/n/12 ); \OML/cmm/m/it/12 L[]\OT1/cmr/m/n/12 (
)) \OMS/cmsy/m/n/12 \ \OML/cmm/m/it/12 L[]\OT1/cmr/m/n/12 ([0\OML/cmm/m/it/12 ;
 \OMS/cmsy/m/n/12 1\OT1/cmr/m/n/12 ); \OML/cmm/m/it/12 H[]\OT1/cmr/m/n/12 (
))$\OT1/cmr/m/it/12 , $\OML/cmm/m/it/12 u \OMS/cmsy/m/n/12 2
 []


Underfull \hbox (badness 10000) in paragraph at lines 734--735
\OML/cmm/m/it/12 C[]\OT1/cmr/m/n/12 ([0\OML/cmm/m/it/12 ; \OMS/cmsy/m/n/12 1\OT
1/cmr/m/n/12 ); \OML/cmm/m/it/12 L[]\OT1/cmr/m/n/12 (
)) \OMS/cmsy/m/n/12 \ \OML/cmm/m/it/12 L[]\OT1/cmr/m/n/12 ([0\OML/cmm/m/it/12 ;
 \OMS/cmsy/m/n/12 1\OT1/cmr/m/n/12 ) \OMS/cmsy/m/n/12 ^^B \OT1/cmr/m/n/12 
)$\OT1/cmr/m/it/12 , and $\OML/cmm/m/it/12 @[] \OMS/cmsy/m/n/12 2 \OML/cmm/m/it
/12 L[]\OT1/cmr/m/n/12 ([0\OML/cmm/m/it/12 ; \OMS/cmsy/m/n/12 1\OT1/cmr/m/n/12 
); \OML/cmm/m/it/12 H[]\OT1/cmr/m/n/12 (
))$\OT1/cmr/m/it/12 , and
 []


Overfull \hbox (19.77696pt too wide) detected at line 743
[] \OML/cmm/m/it/12 '@[]^^R[] \OT1/cmr/m/n/12 + [] \OML/cmm/m/it/12 '\OMS/cmsy/
m/n/12 r[]\OT1/cmr/m/n/12 ^^C[]\OML/cmm/m/it/12 ^^R[] \OMS/cmsy/m/n/12 ^^A r\OM
L/cmm/m/it/12 ^^R[] \OT1/cmr/m/n/12 + [] \OML/cmm/m/it/12 '\OT1/cmr/m/n/12 ^^C\
OML/cmm/m/it/12 ^^R[] \OT1/cmr/m/n/12 + \OML/cmm/m/it/12 " [] \OMS/cmsy/m/n/12 
r\OML/cmm/m/it/12 ^^R[]\OMS/cmsy/m/n/12 r\OML/cmm/m/it/12 ' \OT1/cmr/m/n/12 = 0
\OML/cmm/m/it/12 ;  \OMS/cmsy/m/n/12 8\OML/cmm/m/it/12 t \OMS/cmsy/m/n/12 2 \U/
msb/m/n/12 R[]\OML/cmm/m/it/12 ; ' \OMS/cmsy/m/n/12 2 \OML/cmm/m/it/12 W[]:
 []

[122]
Overfull \hbox (17.22102pt too wide) detected at line 762
[][] [] \OML/cmm/m/it/12 @[]^^R[]' \OMS/cmsy/m/n/12 ^^T [][] [][] \OT1/cmr/m/n/
12 + [][] [][] + [][] [][] \OML/cmm/m/it/12 :
 []

[123]
Overfull \hbox (56.60611pt too wide) in paragraph at lines 782--782
[] 
 []


Underfull \hbox (badness 1087) in paragraph at lines 785--786
[]\OT1/cmr/m/n/12 By the stan-dard De Giorgi ar-gu-ment (see Lemma 0.2.1[] in t
he
 []


Underfull \hbox (badness 1902) in paragraph at lines 785--786
\OT1/cmr/m/n/12 Ap-pendix for de-tails), there ex-ists a uni-ver-sal con-stant 
$\OML/cmm/m/it/12 ^^N$ \OT1/cmr/m/n/12 such that
 []

[124]
Overfull \hbox (54.23027pt too wide) detected at line 794
[][] [] \OML/cmm/m/it/12 @[]^^R[]' \OMS/cmsy/m/n/12 ^^T [][] [][] \OT1/cmr/m/n/
12 + [][] [][] + \OML/cmm/m/it/12 " [][] [][] :
 []

[125] [126] [127] [128] [129] [130] [131] [132] [133] [134] [135]
Underfull \hbox (badness 1454) in paragraph at lines 1032--1033
[]\OT1/cmr/m/it/12 Let $\OML/cmm/m/it/12 ^^R$\OT1/cmr/m/it/12 , $\OML/cmm/m/it/
12 u[]$\OT1/cmr/m/it/12 , $\OML/cmm/m/it/12 u[]$\OT1/cmr/m/it/12 , and $\OT1/cm
r/m/n/12 ^^@[]$ \OT1/cmr/m/it/12 solve [] on $\OT1/cmr/m/n/12 [\OMS/cmsy/m/n/12
 ^^@\OML/cmm/m/it/12 T; \OT1/cmr/m/n/12 0] \OMS/cmsy/m/n/12 ^^B \OT1/cmr/m/n/12
 
$\OT1/cmr/m/it/12 , and sat-isfy
 []

[136]
Overfull \hbox (83.33907pt too wide) detected at line 1054
[] \OT1/cmr/m/n/12 ^^C[]\OML/cmm/m/it/12 u[]\OT1/cmr/m/n/12 ^^C[](\OML/cmm/m/it
/12 ^^R[]\OMS/cmsy/m/n/12 r\OML/cmm/m/it/12  \OT1/cmr/m/n/12 ) \OMS/cmsy/m/n/12
 ^^T \OML/cmm/m/it/12 C [][] [] \OMS/cmsy/m/n/12 j []\OT1/cmr/m/n/12 (\OML/cmm/
m/it/12 ^^R[]\OT1/cmr/m/n/12 )\OMS/cmsy/m/n/12 j[] [] \OML/cmm/m/it/12 :
 []

[137]
Overfull \hbox (22.57936pt too wide) detected at line 1073
[]\OT1/cmr/m/n/12 (\OML/cmm/m/it/12 u[] \OMS/cmsy/m/n/12 ^^@ []\OT1/cmr/m/n/12 
)\OML/cmm/m/it/12 ^^R[]\OMS/cmsy/m/n/12 r\OML/cmm/m/it/12  \OT1/cmr/m/n/12 (\OM
L/cmm/m/it/12 x \OMS/cmsy/m/n/12 ^^@ \OT1/cmr/m/n/12 ^^@) \OMS/cmsy/m/n/12 ^^T 
\OT1/cmr/m/n/12 (2\OML/cmm/m/it/12 ^^TT \OT1/cmr/m/n/12 + 1)\OML/cmm/m/it/12 C[
] [][] [] ^^R[] dx \OT1/cmr/m/n/12 + [][] 2\OML/cmm/m/it/12 ^^T [] \OMS/cmsy/m/
n/12 j\OML/cmm/m/it/12 x \OMS/cmsy/m/n/12 ^^@ \OT1/cmr/m/n/12 ^^@\OMS/cmsy/m/n/
12 j\OML/cmm/m/it/12 ^^R[] dx:
 []

[138]
Underfull \hbox (badness 1622) in paragraph at lines 1089--1090
[]\OT1/cmr/m/it/12 Let $\OML/cmm/m/it/12 ^^R$\OT1/cmr/m/it/12 , $\OML/cmm/m/it/
12 u[]$\OT1/cmr/m/it/12 , $\OML/cmm/m/it/12 u[]$\OT1/cmr/m/it/12 , and $\OT1/cm
r/m/n/12 ^^@[]$ \OT1/cmr/m/it/12 solve [] on $\OT1/cmr/m/n/12 [\OMS/cmsy/m/n/12
 ^^@\OT1/cmr/m/n/12 2\OML/cmm/m/it/12 ; \OT1/cmr/m/n/12 0] \OMS/cmsy/m/n/12 ^^B
 \OT1/cmr/m/n/12 
$\OT1/cmr/m/it/12 , and sat-isfy
 []

[139]
Underfull \hbox (badness 1622) in paragraph at lines 1126--1127
[]\OT1/cmr/m/it/12 Let $\OML/cmm/m/it/12 ^^R$\OT1/cmr/m/it/12 , $\OML/cmm/m/it/
12 u[]$\OT1/cmr/m/it/12 , $\OML/cmm/m/it/12 u[]$\OT1/cmr/m/it/12 , and $\OT1/cm
r/m/n/12 ^^@[]$ \OT1/cmr/m/it/12 solve [] on $\OT1/cmr/m/n/12 [\OMS/cmsy/m/n/12
 ^^@\OT1/cmr/m/n/12 5\OML/cmm/m/it/12 ; \OT1/cmr/m/n/12 0] \OMS/cmsy/m/n/12 ^^B
 \OT1/cmr/m/n/12 
$\OT1/cmr/m/it/12 , and sat-isfy
 []

[140] [141]
Overfull \hbox (64.76544pt too wide) in paragraph at lines 1172--1172
[] 
 []

[142]
Overfull \hbox (29.82706pt too wide) detected at line 1189
[] []
 []


Underfull \hbox (badness 1342) in paragraph at lines 1191--1192
[]\OT1/cmr/m/n/12 For the low pass terms, as in the proof of Lemma 4.5.2[], we
 []

[143] [144] [145] [146]
Underfull \hbox (badness 1622) in paragraph at lines 1278--1279
[]\OT1/cmr/m/it/12 Let $\OML/cmm/m/it/12 ^^R$\OT1/cmr/m/it/12 , $\OML/cmm/m/it/
12 u[]$\OT1/cmr/m/it/12 , $\OML/cmm/m/it/12 u[]$\OT1/cmr/m/it/12 , and $\OT1/cm
r/m/n/12 ^^@[]$ \OT1/cmr/m/it/12 solve [] on $\OT1/cmr/m/n/12 [\OMS/cmsy/m/n/12
 ^^@\OT1/cmr/m/n/12 5\OML/cmm/m/it/12 ; \OT1/cmr/m/n/12 0] \OMS/cmsy/m/n/12 ^^B
 \OT1/cmr/m/n/12 
$\OT1/cmr/m/it/12 , and sat-isfy
 []

[147] [148] [149]
Underfull \hbox (badness 1622) in paragraph at lines 1327--1328
[]\OT1/cmr/m/it/12 Let $\OML/cmm/m/it/12 ^^R$\OT1/cmr/m/it/12 , $\OML/cmm/m/it/
12 u[]$\OT1/cmr/m/it/12 , $\OML/cmm/m/it/12 u[]$\OT1/cmr/m/it/12 , and $\OT1/cm
r/m/n/12 ^^@[]$ \OT1/cmr/m/it/12 solve [] on $\OT1/cmr/m/n/12 [\OMS/cmsy/m/n/12
 ^^@\OT1/cmr/m/n/12 5\OML/cmm/m/it/12 ; \OT1/cmr/m/n/12 0] \OMS/cmsy/m/n/12 ^^B
 \OT1/cmr/m/n/12 
$\OT1/cmr/m/it/12 , and sat-isfy
 []

[150] [151] [152] [153] [154] [155] [156] [157] [158] [159] [160] [161]
[162]) [163]
\openout2 = `chapter-conservation.aux'.

 (./chapter-conservation.tex
Chapter 5.
[164



] [165] [166]
Overfull \hbox (11.78233pt too wide) detected at line 171
[] [] \OML/cmm/m/it/12 a\OT1/cmr/m/n/12 (\OML/cmm/m/it/12 x \OT1/cmr/m/n/12 + \
OML/cmm/m/it/12 ^^M\OT1/cmr/m/n/12 (\OML/cmm/m/it/12 t\OT1/cmr/m/n/12 ))\OML/cm
m/m/it/12 ^^Q\OT1/cmr/m/n/12 (\OML/cmm/m/it/12 u\OT1/cmr/m/n/12 (\OML/cmm/m/it/
12 x; t\OT1/cmr/m/n/12 )\OMS/cmsy/m/n/12 j\OML/cmm/m/it/12 s\OT1/cmr/m/n/12 (\O
ML/cmm/m/it/12 x \OT1/cmr/m/n/12 + \OML/cmm/m/it/12 ^^M\OT1/cmr/m/n/12 (\OML/cm
m/m/it/12 t\OT1/cmr/m/n/12 ))) \OML/cmm/m/it/12 dx \OMS/cmsy/m/n/12 ^^T ^^@\OML
/cmm/m/it/12 "[] [] a\OT1/cmr/m/n/12 (\OML/cmm/m/it/12 x \OT1/cmr/m/n/12 + \OML
/cmm/m/it/12 ^^M\OT1/cmr/m/n/12 (\OML/cmm/m/it/12 t\OT1/cmr/m/n/12 )) [][]  \OM
L/cmm/m/it/12 dx:
 []

[167] [168]
Overfull \hbox (68.01804pt too wide) in paragraph at lines 212--212
[] 
 []

[169]
Overfull \hbox (7.09035pt too wide) detected at line 221
[] [] \OML/cmm/m/it/12 a\OT1/cmr/m/n/12 (\OML/cmm/m/it/12 x \OT1/cmr/m/n/12 + \
OML/cmm/m/it/12 ^^M\OT1/cmr/m/n/12 (\OML/cmm/m/it/12 t\OT1/cmr/m/n/12 ))\OML/cm
m/m/it/12 ^^Q []  dx \OT1/cmr/m/n/12 = [] \OML/cmm/m/it/12 a[][]^^Q []  dx \OT1
/cmr/m/n/12 + [] \OML/cmm/m/it/12 a [] @[]u dx
 []


Overfull \hbox (67.52003pt too wide) detected at line 236
[] []
 []


Overfull \hbox (26.63869pt too wide) detected at line 245
[] []
 []

[170]
Overfull \hbox (83.98515pt too wide) detected at line 251
[] []   \OML/cmm/m/it/12 a^^Q\OT1/cmr/m/n/12 (\OML/cmm/m/it/12 u\OMS/cmsy/m/n/1
2 j\OML/cmm/m/it/12 s\OT1/cmr/m/n/12 ) \OML/cmm/m/it/12 dx \OT1/cmr/m/n/12 = []
 [] + []   \OML/cmm/m/it/12 aw@[]w dx \OT1/cmr/m/n/12 + []   \OML/cmm/m/it/12 a
^^Q[]\OT1/cmr/m/n/12 (\OML/cmm/m/it/12 u\OMS/cmsy/m/n/12 j\OML/cmm/m/it/12 s\OT
1/cmr/m/n/12 )\OML/cmm/m/it/12 @[]Q\OT1/cmr/m/n/12 (\OML/cmm/m/it/12 s\OT1/cmr/
m/n/12 ) \OML/cmm/m/it/12 dx \OMS/cmsy/m/n/12 ^^@ []   \OML/cmm/m/it/12 a []  d
x:
 []

[171] [172] [173]
Overfull \hbox (71.25168pt too wide) detected at line 322
\OML/cmm/m/it/12 F\OT1/cmr/m/n/12 (\OML/cmm/m/it/12 x[]\OT1/cmr/m/n/12 ; \OML/c
mm/m/it/12 x[]\OT1/cmr/m/n/12 ) = []\OML/cmm/m/it/12 ^^Q[]\OT1/cmr/m/n/12 (\OML
/cmm/m/it/12 z[]\OT1/cmr/m/n/12 )[](\OML/cmm/m/it/12 ^^Q[]\OT1/cmr/m/n/12 (\OML
/cmm/m/it/12 x[]\OT1/cmr/m/n/12 ) \OMS/cmsy/m/n/12 ^^@ \OML/cmm/m/it/12 ^^Q[]\O
T1/cmr/m/n/12 (\OML/cmm/m/it/12 x[]\OT1/cmr/m/n/12 ))[] + []\OML/cmm/m/it/12 ^^
Q[]\OT1/cmr/m/n/12 (\OML/cmm/m/it/12 z[]\OT1/cmr/m/n/12 ) \OMS/cmsy/m/n/12 ^^@ 
\OML/cmm/m/it/12 ^^Q[]\OT1/cmr/m/n/12 (\OML/cmm/m/it/12 x[]\OT1/cmr/m/n/12 )][]
(\OML/cmm/m/it/12 ^^Q[]\OT1/cmr/m/n/12 (\OML/cmm/m/it/12 x[]\OT1/cmr/m/n/12 ) \
OMS/cmsy/m/n/12 ^^@ \OML/cmm/m/it/12 ^^Q[]\OT1/cmr/m/n/12 (\OML/cmm/m/it/12 x[]
\OT1/cmr/m/n/12 ))[]\OML/cmm/m/it/12 :
 []

[174] [175]
Overfull \hbox (122.19072pt too wide) detected at line 366
[] [][] \OT1/cmr/m/n/12 + (1 + \OML/cmm/m/it/12 ^^N\OT1/cmr/m/n/12 )   [][]   \
OML/cmm/m/it/12 W[]dx \OT1/cmr/m/n/12 + [] [][]   \OML/cmm/m/it/12 W[]dx \OT1/c
mr/m/n/12 + \OML/cmm/m/it/12 ^^N   [][]   \OMS/cmsy/m/n/12 j\OML/cmm/m/it/12 W\
OMS/cmsy/m/n/12 j[] \OML/cmm/m/it/12 dx \OMS/cmsy/m/n/12 ^^@ \OT1/cmr/m/n/12 (1
 \OMS/cmsy/m/n/12 ^^@ \OML/cmm/m/it/12 ^^N\OT1/cmr/m/n/12 )   [][]   \OML/cmm/m
/it/12 x\OT1/cmr/m/n/12 (1 \OMS/cmsy/m/n/12 ^^@ \OML/cmm/m/it/12 x\OT1/cmr/m/n/
12 )\OMS/cmsy/m/n/12 j\OML/cmm/m/it/12 @[]W\OMS/cmsy/m/n/12 j[]\OML/cmm/m/it/12
 dx
 []

[176]
Overfull \hbox (52.84506pt too wide) in paragraph at lines 396--396
[] 
 []

[177] [178] [179] [180]
Overfull \hbox (13.51384pt too wide) detected at line 476
\OMS/cmsy/m/n/12 ^^@\OML/cmm/m/it/12 Y[] \OMS/cmsy/m/n/12 ^^T []\OML/cmm/m/it/1
2 ^^Q[]\OT1/cmr/m/n/12 (0)[] [][] + \OML/cmm/m/it/12 C[] [][]
 []


Overfull \hbox (30.80722pt too wide) detected at line 484
[] []
 []


Overfull \hbox (18.5178pt too wide) detected at line 498
[] []
 []

[181] [182]
Overfull \hbox (82.04597pt too wide) detected at line 530
[] []
 []


Overfull \hbox (5.2198pt too wide) detected at line 540
\OML/cmm/m/it/12 B \OMS/cmsy/m/n/12 ^^T [][] [] [] \OML/cmm/m/it/12 dy \OT1/cmr
/m/n/12 + \OML/cmm/m/it/12 ^^N[]C [] \OMS/cmsy/m/n/12 j[]j[] \OML/cmm/m/it/12 d
y \OT1/cmr/m/n/12 + [] [] [] \OML/cmm/m/it/12 dy \OT1/cmr/m/n/12 + \OML/cmm/m/i
t/12 C\OT1/cmr/m/n/12 (\OML/cmm/m/it/12 ^^U \OT1/cmr/m/n/12 + \OML/cmm/m/it/12 
^^N \OT1/cmr/m/n/12 + \OML/cmm/m/it/12 "\OT1/cmr/m/n/12 ) [] [] \OML/cmm/m/it/1
2 dy:
 []

[183] [184]
Overfull \hbox (95.69963pt too wide) in paragraph at lines 588--588
[] 
 []


Overfull \hbox (26.73747pt too wide) in paragraph at lines 594--594
[] 
 []

[185] [186] [187] [188]
Overfull \hbox (25.62067pt too wide) detected at line 689
[] []
 []


Overfull \hbox (83.21114pt too wide) detected at line 699
[] []
 []

[189] [190] [191] [192] [193]) [194]
Appendix.
[195


]
\openout2 = `appendix.aux'.

 (./appendix.tex
Overfull \hbox (89.7175pt too wide) detected at line 33
[][] \OMS/cmsy/m/n/12 ^^T \OML/cmm/m/it/12 C [] :
 []

[196

]
Overfull \hbox (98.60713pt too wide) detected at line 35
[][] \OMS/cmsy/m/n/12 ^^T \OML/cmm/m/it/12 C\OT1/cmr/m/n/12 (\OML/cmm/m/it/12 ^
^^\OT1/cmr/m/n/12 ) [][] + \OML/cmm/m/it/12 C\OT1/cmr/m/n/12 (\OML/cmm/m/it/12 
m; ^^^\OT1/cmr/m/n/12 )  [][]  \OML/cmm/m/it/12 :
 []

<NFP-diagram-Cone.pdf, id=701, 550.0066pt x 347.84894pt>
File: NFP-diagram-Cone.pdf Graphic file (type pdf)

<use NFP-diagram-Cone.pdf>
Package pdftex.def Info: NFP-diagram-Cone.pdf used on input line 43.
(pdftex.def)             Requested size: 198.7425pt x 125.6926pt.
 [197 <./NFP-diagram-Cone.pdf>] [198] [199] [200]
[201]
Overfull \hbox (89.82587pt too wide) detected at line 169
[] \OML/cmm/m/it/12 f[]\OT1/cmr/m/n/12 (\OML/cmm/m/it/12 s; x\OT1/cmr/m/n/12 )[
] \OML/cmm/m/it/12 dx \OMS/cmsy/m/n/12 ^^@ \OT1/cmr/m/n/12 2[] [] [] \OML/cmm/m
/it/12 f[]\OT1/cmr/m/n/12 (\OML/cmm/m/it/12 t; x\OT1/cmr/m/n/12 )[] \OML/cmm/m/
it/12 dxdt \OT1/cmr/m/n/12 + [] [] [][]  \OML/cmm/m/it/12 dxdt \OMS/cmsy/m/n/12
 ^^T [] []
 []


Overfull \hbox (46.01752pt too wide) detected at line 173
[] [] \OML/cmm/m/it/12 f[] dx \OT1/cmr/m/n/12 + [][] [] [][]  \OML/cmm/m/it/12 
dxdt \OMS/cmsy/m/n/12 ^^T \OML/cmm/m/it/12 C []
 []

[202] [203] [204] [205]) [206] (./StokolsThesis.bbl [207


] [208] [209] [210]
[211] [212] [213] [214]
Missing character: There is no â in font cmr12!
Missing character: There is no € in font cmr12!
Missing character: There is no “ in font cmr12!
 [215] [216] [217] [218] [219]
Underfull \hbox (badness 1028) in paragraph at lines 521--524
[]\OT1/cmr/m/n/12 M. D. No-vack and A. Vasseur.  The In-vis-cid 3D Quasi-
 []

[220] [221] [222]) [223] (./StokolsThesis.aux (./chapter-intro.aux)
(./chapter-HamJac.aux) (./chapter-kinetic.aux) (./chapter-SQG.aux)
(./chapter-conservation.aux) (./appendix.aux)) ) 
Here is how much of TeX's memory you used:
 3856 strings out of 493029
 52211 string characters out of 6136233
 125091 words of memory out of 5000000
 7248 multiletter control sequences out of 15000+600000
 15733 words of font info for 61 fonts, out of 8000000 for 9000
 1141 hyphenation exceptions out of 8191
 37i,16n,24p,1440b,319s stack positions out of 5000i,500n,10000p,200000b,80000s
</usr/share/texlive/texmf-dist/
fonts/type1/public/amsfonts/cm/cmbsy10.pfb></usr/share/texlive/texmf-dist/fonts
/type1/public/amsfonts/cm/cmbx12.pfb></usr/share/texlive/texmf-dist/fonts/type1
/public/amsfonts/cm/cmex10.pfb></usr/share/texlive/texmf-dist/fonts/type1/publi
c/amsfonts/cmextra/cmex7.pfb></usr/share/texlive/texmf-dist/fonts/type1/public/
amsfonts/cmextra/cmex8.pfb></usr/share/texlive/texmf-dist/fonts/type1/public/am
sfonts/cm/cmmi12.pfb></usr/share/texlive/texmf-dist/fonts/type1/public/amsfonts
/cm/cmmi6.pfb></usr/share/texlive/texmf-dist/fonts/type1/public/amsfonts/cm/cmm
i8.pfb></usr/share/texlive/texmf-dist/fonts/type1/public/amsfonts/cm/cmr12.pfb>
</usr/share/texlive/texmf-dist/fonts/type1/public/amsfonts/cm/cmr6.pfb></usr/sh
are/texlive/texmf-dist/fonts/type1/public/amsfonts/cm/cmr8.pfb></usr/share/texl
ive/texmf-dist/fonts/type1/public/amsfonts/cm/cmss8.pfb></usr/share/texlive/tex
mf-dist/fonts/type1/public/amsfonts/cm/cmsy10.pfb></usr/share/texlive/texmf-dis
t/fonts/type1/public/amsfonts/cm/cmsy6.pfb></usr/share/texlive/texmf-dist/fonts
/type1/public/amsfonts/cm/cmsy8.pfb></usr/share/texlive/texmf-dist/fonts/type1/
public/amsfonts/cm/cmti12.pfb></usr/share/texlive/texmf-dist/fonts/type1/public
/amsfonts/cm/cmti7.pfb></usr/share/texlive/texmf-dist/fonts/type1/public/amsfon
ts/cm/cmti8.pfb></usr/share/texlive/texmf-dist/fonts/type1/public/esint-type1/e
sint10.pfb></usr/share/texlive/texmf-dist/fonts/type1/public/amsfonts/euler/eus
m10.pfb></usr/share/texlive/texmf-dist/fonts/type1/public/amsfonts/symbols/msam
10.pfb></usr/share/texlive/texmf-dist/fonts/type1/public/amsfonts/symbols/msbm1
0.pfb>
Output written on StokolsThesis.pdf (232 pages, 773698 bytes).
PDF statistics:
 882 PDF objects out of 1000 (max. 8388607)
 605 compressed objects within 7 object streams
 0 named destinations out of 1000 (max. 500000)
 11 words of extra memory for PDF output out of 10000 (max. 10000000)

